2024-12-09 22:03:12 0 [Note] Starting MariaDB 11.6.2-MariaDB source revision d8dad8c3b54cd09fefce7bc3b9749f427eed9709 server_uid 9M1+zDXBJ/3FnUChGkaeoxRQTZQ= as process 8912
2024-12-09 22:03:12 0 [Note] InnoDB: Compressed tables use zlib 1.3.1
2024-12-09 22:03:12 0 [Note] InnoDB: Number of transaction pools: 1
2024-12-09 22:03:12 0 [Note] InnoDB: Using crc32 + pclmulqdq instructions
2024-12-09 22:03:12 0 [Note] InnoDB: Initializing buffer pool, total size = 0.966GiB, chunk size = 15.453MiB
2024-12-09 22:03:12 0 [Note] InnoDB: Completed initialization of buffer pool
2024-12-09 22:03:12 0 [Note] InnoDB: File system buffers for log disabled (block size=4096 bytes)
2024-12-09 22:03:12 0 [Note] InnoDB: End of log at LSN=47629
2024-12-09 22:03:13 0 [Note] InnoDB: Opened 3 undo tablespaces
2024-12-09 22:03:13 0 [Note] InnoDB: 128 rollback segments in 3 undo tablespaces are active.
2024-12-09 22:03:13 0 [Note] InnoDB: Setting file './ibtmp1' size to 12.000MiB. Physically writing the file full; Please wait ...
2024-12-09 22:03:13 0 [Note] InnoDB: File './ibtmp1' size is now 12.000MiB.
2024-12-09 22:03:13 0 [Note] InnoDB: log sequence number 47629; transaction id 14
2024-12-09 22:03:13 0 [Note] Plugin 'FEEDBACK' is disabled.
2024-12-09 22:03:13 0 [Note] InnoDB: Loading buffer pool(s) from C:\Users\reNaN\Music\Programas\MUTUM-MPERP\MUTUM_DB\ib_buffer_pool
2024-12-09 22:03:13 0 [Note] mysqld.exe: SSPI: using principal name 'localhost', mech 'Negotiate'
2024-12-09 22:03:13 0 [Note] InnoDB: Buffer pool(s) load completed at 241209 22:03:13
2024-12-09 22:03:13 0 [Note] Server socket created on IP: '::'.
2024-12-09 22:03:13 0 [Note] Server socket created on IP: '0.0.0.0'.
2024-12-09 22:03:14 0 [Note] mysqld.exe: Event Scheduler: Loaded 0 events
2024-12-09 22:03:14 0 [Note] C:\Program Files\MariaDB 11.6\bin\mysqld.exe: ready for connections.
Version: '11.6.2-MariaDB'  socket: ''  port: 3306  mariadb.org binary distribution
2024-12-09 22:15:51 3 [Warning] Aborted connection 3 to db: 'unconnected' user: 'root' host: 'localhost' (Got an error reading communication packets)
